--2025-11-23 13:14:38--  https://suitesparse-collection-website.herokuapp.com/MM/DIMACS10/rgg_n_2_21_s0.tar.gz
Resolving suitesparse-collection-website.herokuapp.com (suitesparse-collection-website.herokuapp.com)... 54.208.186.182, 54.224.34.30, 54.243.129.215, ...
Connecting to suitesparse-collection-website.herokuapp.com (suitesparse-collection-website.herokuapp.com)|54.208.186.182|:443... connected.
HTTP request sent, awaiting response... 301 Moved Permanently
Location: http://sparse-files.engr.tamu.edu/MM/DIMACS10/rgg_n_2_21_s0.tar.gz [following]
--2025-11-23 13:14:38--  http://sparse-files.engr.tamu.edu/MM/DIMACS10/rgg_n_2_21_s0.tar.gz
Resolving sparse-files.engr.tamu.edu (sparse-files.engr.tamu.edu)... 52.219.229.64, 16.12.65.56, 52.219.179.240, ...
Connecting to sparse-files.engr.tamu.edu (sparse-files.engr.tamu.edu)|52.219.229.64|:80... connected.
HTTP request sent, awaiting response... 200 OK
Length: 58155699 (55M) [application/x-tar]
Saving to: ‘rgg_n_2_21_s0.tar.gz’

     0K .......... .......... .......... .......... ..........  0%  210K 4m30s
    50K .......... .......... .......... .......... ..........  0%  439K 3m20s
   100K .......... .......... .......... .......... ..........  0%  277M 2m13s
   150K .......... .......... .......... .......... ..........  0%  201M 1m40s
   200K .......... .......... .......... .......... ..........  0%  445K 1m45s
   250K .......... .......... .......... .......... ..........  0% 44.1M 88s
   300K .......... .......... .......... .......... ..........  0% 46.1M 75s
   350K .......... .......... .......... .......... ..........  0%  457K 81s
   400K .......... .......... .......... .......... ..........  0%  132M 72s
   450K .......... .......... .......... .......... ..........  0%  111M 65s
   500K .......... .......... .......... .......... ..........  0%  120M 59s
   550K .......... .......... .......... .......... ..........  1%  126M 54s
   600K .......... .......... .......... .......... ..........  1%  108M 50s
   650K .......... .......... .......... .......... ..........  1% 96.3M 46s
   700K .......... .......... .......... .......... ..........  1% 82.1M 43s
   750K .......... .......... .......... .......... ..........  1%  459K 48s
   800K .......... .......... .......... .......... ..........  1%  243M 45s
   850K .......... .......... .......... .......... ..........  1%  189M 43s
   900K .......... .......... .......... .......... ..........  1%  353M 41s
   950K .......... .......... .......... .......... ..........  1%  145M 38s
  1000K .......... .......... .......... .......... ..........  1%  359M 37s
  1050K .......... .......... .......... .......... ..........  1%  236M 35s
  1100K .......... .......... .......... .......... ..........  2%  210M 33s
  1150K .......... .......... .......... .......... ..........  2%  382M 32s
  1200K .......... .......... .......... .......... ..........  2%  225M 31s
  1250K .......... .......... .......... .......... ..........  2%  207M 29s
  1300K .......... .......... .......... .......... ..........  2%  241M 28s
  1350K .......... .......... .......... .......... ..........  2%  199M 27s
  1400K .......... .......... .......... .......... ..........  2%  175M 26s
  1450K .......... .......... .......... .......... ..........  2%  183M 25s
  1500K .......... .......... .......... .......... ..........  2%  160M 25s
  1550K .......... .......... .......... .......... ..........  2%  460K 28s
  1600K .......... .......... .......... .......... ..........  2%  264M 27s
  1650K .......... .......... .......... .......... ..........  2%  291M 26s
  1700K .......... .......... .......... .......... ..........  3%  342M 25s
  1750K .......... .......... .......... .......... ..........  3%  337M 24s
  1800K .......... .......... .......... .......... ..........  3%  338M 24s
  1850K .......... .......... .......... .......... ..........  3%  283M 23s
  1900K .......... .......... .......... .......... ..........  3%  362M 23s
  1950K .......... .......... .......... .......... ..........  3%  343M 22s
  2000K .......... .......... .......... .......... ..........  3%  338M 21s
  2050K .......... .......... .......... .......... ..........  3%  297M 21s
  2100K .......... .......... .......... .......... ..........  3%  355M 20s
  2150K .......... .......... .......... .......... ..........  3%  355M 20s
  2200K .......... .......... .......... .......... ..........  3%  325M 19s
  2250K .......... .......... .......... .......... ..........  4%  308M 19s
  2300K .......... .......... .......... .......... ..........  4%  355M 19s
  2350K .......... .......... .......... .......... ..........  4%  326M 18s
  2400K .......... .......... .......... .......... ..........  4%  340M 18s
  2450K .......... .......... .......... .......... ..........  4%  297M 17s
  2500K .......... .......... .......... .......... ..........  4%  352M 17s
  2550K .......... .......... .......... .......... ..........  4%  326M 17s
  2600K .......... .......... .......... .......... ..........  4%  343M 16s
  2650K .......... .......... .......... .......... ..........  4%  302M 16s
  2700K .......... .......... .......... .......... ..........  4%  324M 16s
  2750K .......... .......... .......... .......... ..........  4%  339M 16s
  2800K .......... .......... .......... .......... ..........  5%  360M 15s
  2850K .......... .......... .......... .......... ..........  5%  297M 15s
  2900K .......... .......... .......... .......... ..........  5%  354M 15s
  2950K .......... .......... .......... .......... ..........  5%  365M 14s
  3000K .......... .......... .......... .......... ..........  5%  367M 14s
  3050K .......... .......... .......... .......... ..........  5%  311M 14s
  3100K .......... .......... .......... .......... ..........  5%  366M 14s
  3150K .......... .......... .......... .......... ..........  5% 1.37M 14s
  3200K .......... .......... .......... .......... ..........  5%  695K 15s
  3250K .......... .......... .......... .......... ..........  5%  313M 15s
  3300K .......... .......... .......... .......... ..........  5%  293M 15s
  3350K .......... .......... .......... .......... ..........  5%  317M 14s
  3400K .......... .......... .......... .......... ..........  6%  317M 14s
  3450K .......... .......... .......... .......... ..........  6%  316M 14s
  3500K .......... .......... .......... .......... ..........  6%  288M 14s
  3550K .......... .......... .......... .......... ..........  6%  337M 14s
  3600K .......... .......... .......... .......... ..........  6%  334M 13s
  3650K .......... .......... .......... .......... ..........  6%  339M 13s
  3700K .......... .......... .......... .......... ..........  6%  299M 13s
  3750K .......... .......... .......... .......... ..........  6%  310M 13s
  3800K .......... .......... .......... .......... ..........  6%  342M 13s
  3850K .......... .......... .......... .......... ..........  6%  340M 12s
  3900K .......... .......... .......... .......... ..........  6%  282M 12s
  3950K .......... .......... .......... .......... ..........  7%  328M 12s
  4000K .......... .......... .......... .......... ..........  7%  337M 12s
  4050K .......... .......... .......... .......... ..........  7%  343M 12s
  4100K .......... .......... .......... .......... ..........  7%  293M 12s
  4150K .......... .......... .......... .......... ..........  7%  346M 11s
  4200K .......... .......... .......... .......... ..........  7%  331M 11s
  4250K .......... .......... .......... .......... ..........  7%  340M 11s
  4300K .......... .......... .......... .......... ..........  7%  301M 11s
  4350K .......... .......... .......... .......... ..........  7%  346M 11s
  4400K .......... .......... .......... .......... ..........  7%  319M 11s
  4450K .......... .......... .......... .......... ..........  7%  291M 11s
  4500K .......... .......... .......... .......... ..........  8%  295M 11s
  4550K .......... .......... .......... .......... ..........  8%  344M 10s
  4600K .......... .......... .......... .......... ..........  8%  330M 10s
  4650K .......... .......... .......... .......... ..........  8%  317M 10s
  4700K .......... .......... .......... .......... ..........  8%  281M 10s
  4750K .......... .......... .......... .......... ..........  8%  303M 10s
  4800K .......... .......... .......... .......... ..........  8%  360M 10s
  4850K .......... .......... .......... .......... ..........  8%  345M 10s
  4900K .......... .......... .......... .......... ..........  8%  316M 10s
  4950K .......... .......... .......... .......... ..........  8%  338M 10s
  5000K .......... .......... .......... .......... ..........  8%  358M 9s
  5050K .......... .......... .......... .......... ..........  8%  356M 9s
  5100K .......... .......... .......... .......... ..........  9%  297M 9s
  5150K .......... .......... .......... .......... ..........  9%  358M 9s
  5200K .......... .......... .......... .......... ..........  9%  356M 9s
  5250K .......... .......... .......... .......... ..........  9%  358M 9s
  5300K .......... .......... .......... .......... ..........  9%  310M 9s
  5350K .......... .......... .......... .......... ..........  9%  351M 9s
  5400K .......... .......... .......... .......... ..........  9%  341M 9s
  5450K .......... .......... .......... .......... ..........  9%  349M 9s
  5500K .......... .......... .......... .......... ..........  9%  314M 8s
  5550K .......... .......... .......... .......... ..........  9%  367M 8s
  5600K .......... .......... .......... .......... ..........  9%  359M 8s
  5650K .......... .......... .......... .......... .......... 10%  365M 8s
  5700K .......... .......... .......... .......... .......... 10%  305M 8s
  5750K .......... .......... .......... .......... .......... 10%  357M 8s
  5800K .......... .......... .......... .......... .......... 10%  351M 8s
  5850K .......... .......... .......... .......... .......... 10%  348M 8s
  5900K .......... .......... .......... .......... .......... 10% 1.52M 8s
  5950K .......... .......... .......... .......... .......... 10%  271M 8s
  6000K .......... .......... .......... .......... .......... 10%  345M 8s
  6050K .......... .......... .......... .......... .......... 10%  359M 8s
  6100K .......... .......... .......... .......... .......... 10%  363M 8s
  6150K .......... .......... .......... .......... .......... 10%  701K 8s
  6200K .......... .......... .......... .......... .......... 11%  308M 8s
  6250K .......... .......... .......... .......... .......... 11%  295M 8s
  6300K .......... .......... .......... .......... .......... 11%  357M 8s
  6350K .......... .......... .......... .......... .......... 11%  345M 8s
  6400K .......... .......... .......... .......... .......... 11%  316M 8s
  6450K .......... .......... .......... .......... .......... 11%  321M 8s
  6500K .......... .......... .......... .......... .......... 11%  344M 8s
  6550K .......... .......... .......... .......... .......... 11%  360M 8s
  6600K .......... .......... .......... .......... .......... 11%  343M 8s
  6650K .......... .......... .......... .......... .......... 11%  324M 8s
  6700K .......... .......... .......... .......... .......... 11%  338M 8s
  6750K .......... .......... .......... .......... .......... 11%  336M 8s
  6800K .......... .......... .......... .......... .......... 12%  338M 7s
  6850K .......... .......... .......... .......... .......... 12%  313M 7s
  6900K .......... .......... .......... .......... .......... 12%  345M 7s
  6950K .......... .......... .......... .......... .......... 12%  357M 7s
  7000K .......... .......... .......... .......... .......... 12%  350M 7s
  7050K .......... .......... .......... .......... .......... 12%  298M 7s
  7100K .......... .......... .......... .......... .......... 12%  336M 7s
  7150K .......... .......... .......... .......... .......... 12%  356M 7s
  7200K .......... .......... .......... .......... .......... 12%  362M 7s
  7250K .......... .......... .......... .......... .......... 12%  305M 7s
  7300K .......... .......... .......... .......... .......... 12%  365M 7s
  7350K .......... .......... .......... .......... .......... 13%  342M 7s
  7400K .......... .......... .......... .......... .......... 13%  354M 7s
  7450K .......... .......... .......... .......... .......... 13%  289M 7s
  7500K .......... .......... .......... .......... .......... 13%  335M 7s
  7550K .......... .......... .......... .......... .......... 13%  356M 7s
  7600K .......... .......... .......... .......... .......... 13%  369M 7s
  7650K .......... .......... .......... .......... .......... 13%  302M 7s
  7700K .......... .......... .......... .......... .......... 13%  351M 7s
  7750K .......... .......... .......... .......... .......... 13%  330M 6s
  7800K .......... .......... .......... .......... .......... 13%  351M 6s
  7850K .......... .......... .......... .......... .......... 13%  307M 6s
  7900K .......... .......... .......... .......... .......... 13%  367M 6s
  7950K .......... .......... .......... .......... .......... 14%  373M 6s
  8000K .......... .......... .......... .......... .......... 14%  361M 6s
  8050K .......... .......... .......... .......... .......... 14%  316M 6s
  8100K .......... .......... .......... .......... .......... 14%  364M 6s
  8150K .......... .......... .......... .......... .......... 14% 1.41M 6s
  8200K .......... .......... .......... .......... .......... 14%  310M 6s
  8250K .......... .......... .......... .......... .......... 14%  275M 6s
  8300K .......... .......... .......... .......... .......... 14%  297M 6s
  8350K .......... .......... .......... .......... .......... 14%  315M 6s
  8400K .......... .......... .......... .......... .......... 14%  347M 6s
  8450K .......... .......... .......... .......... .......... 14%  304M 6s
  8500K .......... .......... .......... .......... .......... 15%  363M 6s
  8550K .......... .......... .......... .......... .......... 15%  357M 6s
  8600K .......... .......... .......... .......... .......... 15%  364M 6s
  8650K .......... .......... .......... .......... .......... 15%  290M 6s
  8700K .......... .......... .......... .......... .......... 15%  363M 6s
  8750K .......... .......... .......... .......... .......... 15%  368M 6s
  8800K .......... .......... .......... .......... .......... 15%  342M 6s
  8850K .......... .......... .......... .......... .......... 15%  321M 6s
  8900K .......... .......... .......... .......... .......... 15%  364M 6s
  8950K .......... .......... .......... .......... .......... 15%  350M 6s
  9000K .......... .......... .......... .......... .......... 15%  349M 6s
  9050K .......... .......... .......... .......... .......... 16%  715K 6s
  9100K .......... .......... .......... .......... .......... 16%  291M 6s
  9150K .......... .......... .......... .......... .......... 16%  327M 6s
  9200K .......... .......... .......... .......... .......... 16%  327M 6s
  9250K .......... .......... .......... .......... .......... 16%  290M 6s
  9300K .......... .......... .......... .......... .......... 16%  345M 6s
  9350K .......... .......... .......... .......... .......... 16%  361M 6s
  9400K .......... .......... .......... .......... .......... 16%  326M 6s
  9450K .......... .......... .......... .......... .......... 16%  302M 6s
  9500K .......... .......... .......... .......... .......... 16%  354M 6s
  9550K .......... .......... .......... .......... .......... 16%  346M 6s
  9600K .......... .......... .......... .......... .......... 16%  340M 6s
  9650K .......... .......... .......... .......... .......... 17%  320M 6s
  9700K .......... .......... .......... .......... .......... 17%  351M 5s
  9750K .......... .......... .......... .......... .......... 17%  339M 5s
  9800K .......... .......... .......... .......... .......... 17%  340M 5s
  9850K .......... .......... .......... .......... .......... 17%  297M 5s
  9900K .......... .......... .......... .......... .......... 17%  348M 5s
  9950K .......... .......... .......... .......... .......... 17%  365M 5s
 10000K .......... .......... .......... .......... .......... 17%  355M 5s
 10050K .......... .......... .......... .......... .......... 17%  272M 5s
 10100K .......... .......... .......... .......... .......... 17%  350M 5s
 10150K .......... .......... .......... .......... .......... 17%  356M 5s
 10200K .......... .......... .......... .......... .......... 18%  357M 5s
 10250K .......... .......... .......... .......... .......... 18%  298M 5s
 10300K .......... .......... .......... .......... .......... 18%  355M 5s
 10350K .......... .......... .......... .......... .......... 18%  342M 5s
 10400K .......... .......... .......... .......... .......... 18%  341M 5s
 10450K .......... .......... .......... .......... .......... 18%  301M 5s
 10500K .......... .......... .......... .......... .......... 18%  351M 5s
 10550K .......... .......... .......... .......... .......... 18%  366M 5s
 10600K .......... .......... .......... .......... .......... 18%  354M 5s
 10650K .......... .......... .......... .......... .......... 18%  326M 5s
 10700K .......... .......... .......... .......... .......... 18%  359M 5s
 10750K .......... .......... .......... .......... .......... 19%  355M 5s
 10800K .......... .......... .......... .......... .......... 19%  369M 5s
 10850K .......... .......... .......... .......... .......... 19%  322M 5s
 10900K .......... .......... .......... .......... .......... 19%  365M 5s
 10950K .......... .......... .......... .......... .......... 19% 1.42M 5s
 11000K .......... .......... .......... .......... .......... 19%  303M 5s
 11050K .......... .......... .......... .......... .......... 19%  301M 5s
 11100K .......... .......... .......... .......... .......... 19%  328M 5s
 11150K .......... .......... .......... .......... .......... 19%  295M 5s
 11200K .......... .......... .......... .......... .......... 19%  346M 5s
 11250K .......... .......... .......... .......... .......... 19%  360M 5s
 11300K .......... .......... .......... .......... .......... 19%  352M 5s
 11350K .......... .......... .......... .......... .......... 20%  311M 5s
 11400K .......... .......... .......... .......... .......... 20%  352M 5s
 11450K .......... .......... .......... .......... .......... 20%  373M 5s
 11500K .......... .......... .......... .......... .......... 20%  364M 5s
 11550K .......... .......... .......... .......... .......... 20%  323M 5s
 11600K .......... .......... .......... .......... .......... 20%  358M 5s
 11650K .......... .......... .......... .......... .......... 20%  709K 5s
 11700K .......... .......... .......... .......... .......... 20%  316M 5s
 11750K .......... .......... .......... .......... .......... 20%  280M 5s
 11800K .......... .......... .......... .......... .......... 20%  317M 5s
 11850K .......... .......... .......... .......... .......... 20%  351M 5s
 11900K .......... .......... .......... .......... .......... 21%  312M 5s
 11950K .......... .......... .......... .......... .......... 21%  306M 5s
 12000K .......... .......... .......... .......... .......... 21%  367M 5s
 12050K .......... .......... .......... .......... .......... 21%  343M 5s
 12100K .......... .......... .......... .......... .......... 21%  334M 5s
 12150K .......... .......... .......... .......... .......... 21%  314M 5s
 12200K .......... .......... .......... .......... .......... 21%  352M 5s
 12250K .......... .......... .......... .......... .......... 21%  338M 5s
 12300K .......... .......... .......... .......... .......... 21%  348M 5s
 12350K .......... .......... .......... .......... .......... 21%  314M 4s
 12400K .......... .......... .......... .......... .......... 21%  336M 4s
 12450K .......... .......... .......... .......... .......... 22%  347M 4s
 12500K .......... .......... .......... .......... .......... 22%  373M 4s
 12550K .......... .......... .......... .......... .......... 22%  306M 4s
 12600K .......... .......... .......... .......... .......... 22%  353M 4s
 12650K .......... .......... .......... .......... .......... 22%  340M 4s
 12700K .......... .......... .......... .......... .......... 22%  355M 4s
 12750K .......... .......... .......... .......... .......... 22%  297M 4s
 12800K .......... .......... .......... .......... .......... 22%  313M 4s
 12850K .......... .......... .......... .......... .......... 22%  369M 4s
 12900K .......... .......... .......... .......... .......... 22%  357M 4s
 12950K .......... .......... .......... .......... .......... 22%  300M 4s
 13000K .......... .......... .......... .......... .......... 22%  356M 4s
 13050K .......... .......... .......... .......... .......... 23%  353M 4s
 13100K .......... .......... .......... .......... .......... 23%  337M 4s
 13150K .......... .......... .......... .......... .......... 23%  320M 4s
 13200K .......... .......... .......... .......... .......... 23%  362M 4s
 13250K .......... .......... .......... .......... .......... 23%  369M 4s
 13300K .......... .......... .......... .......... .......... 23%  339M 4s
 13350K .......... .......... .......... .......... .......... 23%  318M 4s
 13400K .......... .......... .......... .......... .......... 23%  372M 4s
 13450K .......... .......... .......... .......... .......... 23%  364M 4s
 13500K .......... .......... .......... .......... .......... 23%  372M 4s
 13550K .......... .......... .......... .......... .......... 23%  322M 4s
 13600K .......... .......... .......... .......... .......... 24%  357M 4s
 13650K .......... .......... .......... .......... .......... 24% 1.44M 4s
 13700K .......... .......... .......... .......... .......... 24%  283M 4s
 13750K .......... .......... .......... .......... .......... 24%  351M 4s
 13800K .......... .......... .......... .......... .......... 24%  314M 4s
 13850K .......... .......... .......... .......... .......... 24%  362M 4s
 13900K .......... .......... .......... .......... .......... 24%  324M 4s
 13950K .......... .......... .......... .......... .......... 24%  323M 4s
 14000K .......... .......... .......... .......... .......... 24%  298M 4s
 14050K .......... .......... .......... .......... .......... 24%  344M 4s
 14100K .......... .......... .......... .......... .......... 24%  356M 4s
 14150K .......... .......... .......... .......... .......... 25%  363M 4s
 14200K .......... .......... .......... .......... .......... 25%  312M 4s
 14250K .......... .......... .......... .......... .......... 25%  370M 4s
 14300K .......... .......... .......... .......... .......... 25%  359M 4s
 14350K .......... .......... .......... .......... .......... 25%  362M 4s
 14400K .......... .......... .......... .......... .......... 25%  710K 4s
 14450K .......... .......... .......... .......... .......... 25%  322M 4s
 14500K .......... .......... .......... .......... .......... 25%  288M 4s
 14550K .......... .......... .......... .......... .......... 25%  347M 4s
 14600K .......... .......... .......... .......... .......... 25%  349M 4s
 14650K .......... .......... .......... .......... .......... 25%  302M 4s
 14700K .......... .......... .......... .......... .......... 25%  309M 4s
 14750K .......... .......... .......... .......... .......... 26%  356M 4s
 14800K .......... .......... .......... .......... .......... 26%  349M 4s
 14850K .......... .......... .......... .......... .......... 26%  358M 4s
 14900K .......... .......... .......... .......... .......... 26%  315M 4s
 14950K .......... .......... .......... .......... .......... 26%  350M 4s
 15000K .......... .......... .......... .......... .......... 26%  328M 4s
 15050K .......... .......... .......... .......... .......... 26%  342M 4s
 15100K .......... .......... .......... .......... .......... 26%  307M 4s
 15150K .......... .......... .......... .......... .......... 26%  364M 4s
 15200K .......... .......... .......... .......... .......... 26%  363M 4s
 15250K .......... .......... .......... .......... .......... 26%  361M 4s
 15300K .......... .......... .......... .......... .......... 27%  275M 4s
 15350K .......... .......... .......... .......... .......... 27%  350M 4s
 15400K .......... .......... .......... .......... .......... 27%  360M 4s
 15450K .......... .......... .......... .......... .......... 27%  341M 4s
 15500K .......... .......... .......... .......... .......... 27%  302M 4s
 15550K .......... .......... .......... .......... .......... 27%  356M 4s
 15600K .......... .......... .......... .......... .......... 27%  363M 4s
 15650K .......... .......... .......... .......... .......... 27%  352M 4s
 15700K .......... .......... .......... .......... .......... 27%  289M 4s
 15750K .......... .......... .......... .......... .......... 27%  364M 4s
 15800K .......... .......... .......... .......... .......... 27%  331M 4s
 15850K .......... .......... .......... .......... .......... 27%  356M 4s
 15900K .......... .......... .......... .......... .......... 28%  322M 3s
 15950K .......... .......... .......... .......... .......... 28%  368M 3s
 16000K .......... .......... .......... .......... .......... 28%  346M 3s
 16050K .......... .......... .......... .......... .......... 28%  348M 3s
 16100K .......... .......... .......... .......... .......... 28%  314M 3s
 16150K .......... .......... .......... .......... .......... 28%  368M 3s
 16200K .......... .......... .......... .......... .......... 28%  367M 3s
 16250K .......... .......... .......... .......... .......... 28%  373M 3s
 16300K .......... .......... .......... .......... .......... 28%  321M 3s
 16350K .......... .......... .......... .......... .......... 28% 1.42M 3s
 16400K .......... .......... .......... .......... .......... 28%  280M 3s
 16450K .......... .......... .......... .......... .......... 29%  337M 3s
 16500K .......... .......... .......... .......... .......... 29%  361M 3s
 16550K .......... .......... .......... .......... .......... 29%  361M 3s
 16600K .......... .......... .......... .......... .......... 29%  310M 3s
 16650K .......... .......... .......... .......... .......... 29%  341M 3s
 16700K .......... .......... .......... .......... .......... 29%  332M 3s
 16750K .......... .......... .......... .......... .......... 29%  350M 3s
 16800K .......... .......... .......... .......... .......... 29%  310M 3s
 16850K .......... .......... .......... .......... .......... 29%  364M 3s
 16900K .......... .......... .......... .......... .......... 29%  366M 3s
 16950K .......... .......... .......... .......... .......... 29%  361M 3s
 17000K .......... .......... .......... .......... .......... 30%  309M 3s
 17050K .......... .......... .......... .......... .......... 30%  374M 3s
 17100K .......... .......... .......... .......... .......... 30%  361M 3s
 17150K .......... .......... .......... .......... .......... 30%  714K 3s
 17200K .......... .......... .......... .......... .......... 30%  310M 3s
 17250K .......... .......... .......... .......... .......... 30%  336M 3s
 17300K .......... .......... .......... .......... .......... 30%  341M 3s
 17350K .......... .......... .......... .......... .......... 30%  309M 3s
 17400K .......... .......... .......... .......... .......... 30%  312M 3s
 17450K .......... .......... .......... .......... .......... 30%  351M 3s
 17500K .......... .......... .......... .......... .......... 30%  351M 3s
 17550K .......... .......... .......... .......... .......... 30%  309M 3s
 17600K .......... .......... .......... .......... .......... 31%  335M 3s
 17650K .......... .......... .......... .......... .......... 31%  364M 3s
 17700K .......... .......... .......... .......... .......... 31%  327M 3s
 17750K .......... .......... .......... .......... .......... 31%  305M 3s
 17800K .......... .......... .......... .......... .......... 31%  354M 3s
 17850K .......... .......... .......... .......... .......... 31%  343M 3s
 17900K .......... .......... .......... .......... .......... 31%  352M 3s
 17950K .......... .......... .......... .......... .......... 31%  307M 3s
 18000K .......... .......... .......... .......... .......... 31%  360M 3s
 18050K .......... .......... .......... .......... .......... 31%  348M 3s
 18100K .......... .......... .......... .......... .......... 31%  344M 3s
 18150K .......... .......... .......... .......... .......... 32%  290M 3s
 18200K .......... .......... .......... .......... .......... 32%  350M 3s
 18250K .......... .......... .......... .......... .......... 32%  360M 3s
 18300K .......... .......... .......... .......... .......... 32%  344M 3s
 18350K .......... .......... .......... .......... .......... 32%  311M 3s
 18400K .......... .......... .......... .......... .......... 32%  328M 3s
 18450K .......... .......... .......... .......... .......... 32%  364M 3s
 18500K .......... .......... .......... .......... .......... 32%  358M 3s
 18550K .......... .......... .......... .......... .......... 32%  300M 3s
 18600K .......... .......... .......... .......... .......... 32%  365M 3s
 18650K .......... .......... .......... .......... .......... 32%  351M 3s
 18700K .......... .......... .......... .......... .......... 33%  369M 3s
 18750K .......... .......... .......... .......... .......... 33%  299M 3s
 18800K .......... .......... .......... .......... .......... 33%  367M 3s
 18850K .......... .......... .......... .......... .......... 33%  366M 3s
 18900K .......... .......... .......... .......... .......... 33%  360M 3s
 18950K .......... .......... .......... .......... .......... 33%  310M 3s
 19000K .......... .......... .......... .......... .......... 33% 1.41M 3s
 19050K .......... .......... .......... .......... .......... 33%  253M 3s
 19100K .......... .......... .......... .......... .......... 33%  326M 3s
 19150K .......... .......... .......... .......... .......... 33%  327M 3s
 19200K .......... .......... .......... .......... .......... 33%  357M 3s
 19250K .......... .......... .......... .......... .......... 33%  306M 3s
 19300K .......... .......... .......... .......... .......... 34%  335M 3s
 19350K .......... .......... .......... .......... .......... 34%  320M 3s
 19400K .......... .......... .......... .......... .......... 34%  333M 3s
 19450K .......... .......... .......... .......... .......... 34%  307M 3s
 19500K .......... .......... .......... .......... .......... 34%  371M 3s
 19550K .......... .......... .......... .......... .......... 34%  371M 3s
 19600K .......... .......... .......... .......... .......... 34%  366M 3s
 19650K .......... .......... .......... .......... .......... 34%  300M 3s
 19700K .......... .......... .......... .......... .......... 34%  366M 3s
 19750K .......... .......... .......... .......... .......... 34%  366M 3s
 19800K .......... .......... .......... .......... .......... 34%  364M 3s
 19850K .......... .......... .......... .......... .......... 35%  311M 3s
 19900K .......... .......... .......... .......... .......... 35%  717K 3s
 19950K .......... .......... .......... .......... .......... 35%  281M 3s
 20000K .......... .......... .......... .......... .......... 35%  286M 3s
 20050K .......... .......... .......... .......... .......... 35%  349M 3s
 20100K .......... .......... .......... .......... .......... 35%  327M 3s
 20150K .......... .......... .......... .......... .......... 35%  340M 3s
 20200K .......... .......... .......... .......... .......... 35%  312M 3s
 20250K .......... .......... .......... .......... .......... 35%  355M 3s
 20300K .......... .......... .......... .......... .......... 35%  341M 3s
 20350K .......... .......... .......... .......... .......... 35%  374M 3s
 20400K .......... .......... .......... .......... .......... 36%  310M 3s
 20450K .......... .......... .......... .......... .......... 36%  318M 3s
 20500K .......... .......... .......... .......... .......... 36%  351M 3s
 20550K .......... .......... .......... .......... .......... 36%  347M 3s
 20600K .......... .......... .......... .......... .......... 36%  318M 3s
 20650K .......... .......... .......... .......... .......... 36%  337M 3s
 20700K .......... .......... .......... .......... .......... 36%  350M 3s
 20750K .......... .......... .......... .......... .......... 36%  358M 3s
 20800K .......... .......... .......... .......... .......... 36%  286M 3s
 20850K .......... .......... .......... .......... .......... 36%  351M 3s
 20900K .......... .......... .......... .......... .......... 36%  365M 3s
 20950K .......... .......... .......... .......... .......... 36%  342M 3s
 21000K .......... .......... .......... .......... .......... 37%  298M 3s
 21050K .......... .......... .......... .......... .......... 37%  353M 3s
 21100K .......... .......... .......... .......... .......... 37%  355M 3s
 21150K .......... .......... .......... .......... .......... 37%  349M 3s
 21200K .......... .......... .......... .......... .......... 37%  303M 3s
 21250K .......... .......... .......... .......... .......... 37%  363M 3s
 21300K .......... .......... .......... .......... .......... 37%  354M 3s
 21350K .......... .......... .......... .......... .......... 37%  344M 3s
 21400K .......... .......... .......... .......... .......... 37%  307M 3s
 21450K .......... .......... .......... .......... .......... 37%  352M 3s
 21500K .......... .......... .......... .......... .......... 37%  335M 3s
 21550K .......... .......... .......... .......... .......... 38%  364M 3s
 21600K .......... .......... .......... .......... .......... 38%  313M 3s
 21650K .......... .......... .......... .......... .......... 38%  365M 3s
 21700K .......... .......... .......... .......... .......... 38%  369M 3s
 21750K .......... .......... .......... .......... .......... 38%  368M 3s
 21800K .......... .......... .......... .......... .......... 38% 1.42M 3s
 21850K .......... .......... .......... .......... .......... 38%  303M 3s
 21900K .......... .......... .......... .......... .......... 38%  328M 3s
 21950K .......... .......... .......... .......... .......... 38%  303M 3s
 22000K .......... .......... .......... .......... .......... 38%  336M 3s
 22050K .......... .......... .......... .......... .......... 38%  328M 3s
 22100K .......... .......... .......... .......... .......... 39%  367M 3s
 22150K .......... .......... .......... .......... .......... 39%  287M 3s
 22200K .......... .......... .......... .......... .......... 39%  357M 3s
 22250K .......... .......... .......... .......... .......... 39%  355M 3s
 22300K .......... .......... .......... .......... .......... 39%  369M 3s
 22350K .......... .......... .......... .......... .......... 39%  312M 2s
 22400K .......... .......... .......... .......... .......... 39%  341M 2s
 22450K .......... .......... .......... .......... .......... 39%  370M 2s
 22500K .......... .......... .......... .......... .......... 39%  367M 2s
 22550K .......... .......... .......... .......... .......... 39%  315M 2s
 22600K .......... .......... .......... .......... .......... 39%  367M 2s
 22650K .......... .......... .......... .......... .......... 39%  714K 3s
 22700K .......... .......... .......... .......... .......... 40%  333M 3s
 22750K .......... .......... .......... .......... .......... 40%  269M 3s
 22800K .......... .......... .......... .......... .......... 40%  338M 3s
 22850K .......... .......... .......... .......... .......... 40%  354M 3s
 22900K .......... .......... .......... .......... .......... 40%  345M 3s
 22950K .......... .......... .......... .......... .......... 40%  307M 2s
 23000K .......... .......... .......... .......... .......... 40%  352M 2s
 23050K .......... .......... .......... .......... .......... 40%  361M 2s
 23100K .......... .......... .......... .......... .......... 40%  344M 2s
 23150K .......... .......... .......... .......... .......... 40%  289M 2s
 23200K .......... .......... .......... .......... .......... 40%  364M 2s
 23250K .......... .......... .......... .......... .......... 41%  347M 2s
 23300K .......... .......... .......... .......... .......... 41%  354M 2s
 23350K .......... .......... .......... .......... .......... 41%  302M 2s
 23400K .......... .......... .......... .......... .......... 41%  360M 2s
 23450K .......... .......... .......... .......... .......... 41%  327M 2s
 23500K .......... .......... .......... .......... .......... 41%  357M 2s
 23550K .......... .......... .......... .......... .......... 41%  293M 2s
 23600K .......... .......... .......... .......... .......... 41%  359M 2s
 23650K .......... .......... .......... .......... .......... 41%  354M 2s
 23700K .......... .......... .......... .......... .......... 41%  363M 2s
 23750K .......... .......... .......... .......... .......... 41%  303M 2s
 23800K .......... .......... .......... .......... .......... 41%  345M 2s
 23850K .......... .......... .......... .......... .......... 42%  344M 2s
 23900K .......... .......... .......... .......... .......... 42%  358M 2s
 23950K .......... .......... .......... .......... .......... 42%  316M 2s
 24000K .......... .......... .......... .......... .......... 42%  382M 2s
 24050K .......... .......... .......... .......... .......... 42%  344M 2s
 24100K .......... .......... .......... .......... .......... 42%  369M 2s
 24150K .......... .......... .......... .......... .......... 42%  290M 2s
 24200K .......... .......... .......... .......... .......... 42%  375M 2s
 24250K .......... .......... .......... .......... .......... 42%  364M 2s
 24300K .......... .......... .......... .......... .......... 42%  371M 2s
 24350K .......... .......... .......... .......... .......... 42%  318M 2s
 24400K .......... .......... .......... .......... .......... 43%  376M 2s
 24450K .......... .......... .......... .......... .......... 43%  373M 2s
 24500K .......... .......... .......... .......... .......... 43%  336M 2s
 24550K .......... .......... .......... .......... .......... 43%  327M 2s
 24600K .......... .......... .......... .......... .......... 43% 1.42M 2s
 24650K .......... .......... .......... .......... .......... 43%  346M 2s
 24700K .......... .......... .......... .......... .......... 43%  295M 2s
 24750K .......... .......... .......... .......... .......... 43%  336M 2s
 24800K .......... .......... .......... .......... .......... 43%  317M 2s
 24850K .......... .......... .......... .......... .......... 43%  334M 2s
 24900K .......... .......... .......... .......... .......... 43%  318M 2s
 24950K .......... .......... .......... .......... .......... 44%  360M 2s
 25000K .......... .......... .......... .......... .......... 44%  348M 2s
 25050K .......... .......... .......... .......... .......... 44%  337M 2s
 25100K .......... .......... .......... .......... .......... 44%  321M 2s
 25150K .......... .......... .......... .......... .......... 44%  341M 2s
 25200K .......... .......... .......... .......... .......... 44%  367M 2s
 25250K .......... .......... .......... .......... .......... 44%  363M 2s
 25300K .......... .......... .......... .......... .......... 44%  317M 2s
 25350K .......... .......... .......... .......... .......... 44%  370M 2s
 25400K .......... .......... .......... .......... .......... 44%  714K 2s
 25450K .......... .......... .......... .......... .......... 44%  264M 2s
 25500K .......... .......... .......... .......... .......... 44%  331M 2s
 25550K .......... .......... .......... .......... .......... 45%  312M 2s
 25600K .......... .......... .......... .......... .......... 45%  347M 2s
 25650K .......... .......... .......... .......... .......... 45%  312M 2s
 25700K .......... .......... .......... .......... .......... 45%  351M 2s
 25750K .......... .......... .......... .......... .......... 45%  363M 2s
 25800K .......... .......... .......... .......... .......... 45%  361M 2s
 25850K .......... .......... .......... .......... .......... 45%  290M 2s
 25900K .......... .......... .......... .......... .......... 45%  377M 2s
 25950K .......... .......... .......... .......... .......... 45%  334M 2s
 26000K .......... .......... .......... .......... .......... 45%  366M 2s
 26050K .......... .......... .......... .......... .......... 45%  312M 2s
 26100K .......... .......... .......... .......... .......... 46%  370M 2s
 26150K .......... .......... .......... .......... .......... 46%  358M 2s
 26200K .......... .......... .......... .......... .......... 46%  335M 2s
 26250K .......... .......... .......... .......... .......... 46%  303M 2s
 26300K .......... .......... .......... .......... .......... 46%  368M 2s
 26350K .......... .......... .......... .......... .......... 46%  348M 2s
 26400K .......... .......... .......... .......... .......... 46%  364M 2s
 26450K .......... .......... .......... .......... .......... 46%  307M 2s
 26500K .......... .......... .......... .......... .......... 46%  363M 2s
 26550K .......... .......... .......... .......... .......... 46%  354M 2s
 26600K .......... .......... .......... .......... .......... 46%  313M 2s
 26650K .......... .......... .......... .......... .......... 47%  312M 2s
 26700K .......... .......... .......... .......... .......... 47%  358M 2s
 26750K .......... .......... .......... .......... .......... 47%  360M 2s
 26800K .......... .......... .......... .......... .......... 47%  364M 2s
 26850K .......... .......... .......... .......... .......... 47%  313M 2s
 26900K .......... .......... .......... .......... .......... 47%  325M 2s
 26950K .......... .......... .......... .......... .......... 47%  363M 2s
 27000K .......... .......... .......... .......... .......... 47%  373M 2s
 27050K .......... .......... .......... .......... .......... 47%  322M 2s
 27100K .......... .......... .......... .......... .......... 47%  373M 2s
 27150K .......... .......... .......... .......... .......... 47%  370M 2s
 27200K .......... .......... .......... .......... .......... 47%  369M 2s
 27250K .......... .......... .......... .......... .......... 48%  329M 2s
 27300K .......... .......... .......... .......... .......... 48% 1.42M 2s
 27350K .......... .......... .......... .......... .......... 48%  267M 2s
 27400K .......... .......... .......... .......... .......... 48%  326M 2s
 27450K .......... .......... .......... .......... .......... 48%  346M 2s
 27500K .......... .......... .......... .......... .......... 48%  275M 2s
 27550K .......... .......... .......... .......... .......... 48%  350M 2s
 27600K .......... .......... .......... .......... .......... 48%  350M 2s
 27650K .......... .......... .......... .......... .......... 48%  366M 2s
 27700K .......... .......... .......... .......... .......... 48%  291M 2s
 27750K .......... .......... .......... .......... .......... 48%  362M 2s
 27800K .......... .......... .......... .......... .......... 49%  350M 2s
 27850K .......... .......... .......... .......... .......... 49%  347M 2s
 27900K .......... .......... .......... .......... .......... 49%  319M 2s
 27950K .......... .......... .......... .......... .......... 49%  380M 2s
 28000K .......... .......... .......... .......... .......... 49%  359M 2s
 28050K .......... .......... .......... .......... .......... 49%  372M 2s
 28100K .......... .......... .......... .......... .......... 49%  317M 2s
 28150K .......... .......... .......... .......... .......... 49%  363M 2s
 28200K .......... .......... .......... .......... .......... 49%  352M 2s
 28250K .......... .......... .......... .......... .......... 49%  717K 2s
 28300K .......... .......... .......... .......... .......... 49%  342M 2s
 28350K .......... .......... .......... .......... .......... 50%  345M 2s
 28400K .......... .......... .......... .......... .......... 50%  286M 2s
 28450K .......... .......... .......... .......... .......... 50%  349M 2s
 28500K .......... .......... .......... .......... .......... 50%  343M 2s
 28550K .......... .......... .......... .......... .......... 50%  355M 2s
 28600K .......... .......... .......... .......... .......... 50%  302M 2s
 28650K .......... .......... .......... .......... .......... 50%  352M 2s
 28700K .......... .......... .......... .......... .......... 50%  369M 2s
 28750K .......... .......... .......... .......... .......... 50%  363M 2s
 28800K .......... .......... .......... .......... .......... 50%  295M 2s
 28850K .......... .......... .......... .......... .......... 50%  354M 2s
 28900K .......... .......... .......... .......... .......... 50%  342M 2s
 28950K .......... .......... .......... .......... .......... 51%  370M 2s
 29000K .......... .......... .......... .......... .......... 51%  293M 2s
 29050K .......... .......... .......... .......... .......... 51%  358M 2s
 29100K .......... .......... .......... .......... .......... 51%  361M 2s
 29150K .......... .......... .......... .......... .......... 51%  364M 2s
 29200K .......... .......... .......... .......... .......... 51%  312M 2s
 29250K .......... .......... .......... .......... .......... 51%  361M 2s
 29300K .......... .......... .......... .......... .......... 51%  361M 2s
 29350K .......... .......... .......... .......... .......... 51%  357M 2s
 29400K .......... .......... .......... .......... .......... 51%  300M 2s
 29450K .......... .......... .......... .......... .......... 51%  369M 2s
 29500K .......... .......... .......... .......... .......... 52%  356M 2s
 29550K .......... .......... .......... .......... .......... 52%  359M 2s
 29600K .......... .......... .......... .......... .......... 52%  309M 2s
 29650K .......... .......... .......... .......... .......... 52%  376M 2s
 29700K .......... .......... .......... .......... .......... 52%  350M 2s
 29750K .......... .......... .......... .......... .......... 52%  355M 2s
 29800K .......... .......... .......... .......... .......... 52%  310M 2s
 29850K .......... .......... .......... .......... .......... 52%  373M 2s
 29900K .......... .......... .......... .......... .......... 52%  370M 2s
 29950K .......... .......... .......... .......... .......... 52%  371M 2s
 30000K .......... .......... .......... .......... .......... 52%  318M 2s
 30050K .......... .......... .......... .......... .......... 52%  373M 2s
 30100K .......... .......... .......... .......... .......... 53% 1.41M 2s
 30150K .......... .......... .......... .......... .......... 53%  339M 2s
 30200K .......... .......... .......... .......... .......... 53%  320M 2s
 30250K .......... .......... .......... .......... .......... 53%  274M 2s
 30300K .......... .......... .......... .......... .......... 53%  349M 2s
 30350K .......... .......... .......... .......... .......... 53%  341M 2s
 30400K .......... .......... .......... .......... .......... 53%  365M 2s
 30450K .......... .......... .......... .......... .......... 53%  306M 2s
 30500K .......... .......... .......... .......... .......... 53%  368M 2s
 30550K .......... .......... .......... .......... .......... 53%  339M 2s
 30600K .......... .......... .......... .......... .......... 53%  342M 2s
 30650K .......... .......... .......... .......... .......... 54%  326M 2s
 30700K .......... .......... .......... .......... .......... 54%  361M 2s
 30750K .......... .......... .......... .......... .......... 54%  368M 2s
 30800K .......... .......... .......... .......... .......... 54%  383M 2s
 30850K .......... .......... .......... .......... .......... 54%  317M 2s
 30900K .......... .......... .......... .......... .......... 54%  375M 2s
 30950K .......... .......... .......... .......... .......... 54%  350M 2s
 31000K .......... .......... .......... .......... .......... 54%  717K 2s
 31050K .......... .......... .......... .......... .......... 54%  298M 2s
 31100K .......... .......... .......... .......... .......... 54%  341M 2s
 31150K .......... .......... .......... .......... .......... 54%  342M 2s
 31200K .......... .......... .......... .......... .......... 55%  319M 2s
 31250K .......... .......... .......... .......... .......... 55%  357M 2s
 31300K .......... .......... .......... .......... .......... 55%  366M 2s
 31350K .......... .......... .......... .......... .......... 55%  362M 2s
 31400K .......... .......... .......... .......... .......... 55%  291M 2s
 31450K .......... .......... .......... .......... .......... 55%  366M 2s
 31500K .......... .......... .......... .......... .......... 55%  369M 2s
 31550K .......... .......... .......... .......... .......... 55%  339M 2s
 31600K .......... .......... .......... .......... .......... 55%  292M 2s
 31650K .......... .......... .......... .......... .......... 55%  360M 2s
 31700K .......... .......... .......... .......... .......... 55%  353M 2s
 31750K .......... .......... .......... .......... .......... 55%  336M 2s
 31800K .......... .......... .......... .......... .......... 56%  314M 2s
 31850K .......... .......... .......... .......... .......... 56%  361M 2s
 31900K .......... .......... .......... .......... .......... 56%  363M 2s
 31950K .......... .......... .......... .......... .......... 56%  348M 2s
 32000K .......... .......... .......... .......... .......... 56%  308M 2s
 32050K .......... .......... .......... .......... .......... 56%  369M 2s
 32100K .......... .......... .......... .......... .......... 56%  361M 2s
 32150K .......... .......... .......... .......... .......... 56%  352M 2s
 32200K .......... .......... .......... .......... .......... 56%  293M 2s
 32250K .......... .......... .......... .......... .......... 56%  348M 2s
 32300K .......... .......... .......... .......... .......... 56%  334M 2s
 32350K .......... .......... .......... .......... .......... 57%  371M 2s
 32400K .......... .......... .......... .......... .......... 57%  315M 2s
 32450K .......... .......... .......... .......... .......... 57%  337M 2s
 32500K .......... .......... .......... .......... .......... 57%  349M 2s
 32550K .......... .......... .......... .......... .......... 57%  357M 2s
 32600K .......... .......... .......... .......... .......... 57%  318M 2s
 32650K .......... .......... .......... .......... .......... 57%  367M 2s
 32700K .......... .......... .......... .......... .......... 57%  373M 1s
 32750K .......... .......... .......... .......... .......... 57%  370M 1s
 32800K .......... .......... .......... .......... .......... 57%  302M 1s
 32850K .......... .......... .......... .......... .......... 57%  375M 1s
 32900K .......... .......... .......... .......... .......... 58%  373M 1s
 32950K .......... .......... .......... .......... .......... 58% 1.42M 1s
 33000K .......... .......... .......... .......... .......... 58%  335M 1s
 33050K .......... .......... .......... .......... .......... 58%  318M 1s
 33100K .......... .......... .......... .......... .......... 58%  365M 1s
 33150K .......... .......... .......... .......... .......... 58%  310M 1s
 33200K .......... .......... .......... .......... .......... 58%  358M 1s
 33250K .......... .......... .......... .......... .......... 58%  364M 1s
 33300K .......... .......... .......... .......... .......... 58%  334M 1s
 33350K .......... .......... .......... .......... .......... 58%  318M 1s
 33400K .......... .......... .......... .......... .......... 58%  336M 1s
 33450K .......... .......... .......... .......... .......... 58%  346M 1s
 33500K .......... .......... .......... .......... .......... 59%  365M 1s
 33550K .......... .......... .......... .......... .......... 59%  318M 1s
 33600K .......... .......... .......... .......... .......... 59%  377M 1s
 33650K .......... .......... .......... .......... .......... 59%  379M 1s
 33700K .......... .......... .......... .......... .......... 59%  365M 1s
 33750K .......... .......... .......... .......... .......... 59%  311M 1s
 33800K .......... .......... .......... .......... .......... 59%  715K 1s
 33850K .......... .......... .......... .......... .......... 59%  322M 1s
 33900K .......... .......... .......... .......... .......... 59%  354M 1s
 33950K .......... .......... .......... .......... .......... 59%  350M 1s
 34000K .......... .......... .......... .......... .......... 59%  303M 1s
 34050K .......... .......... .......... .......... .......... 60%  351M 1s
 34100K .......... .......... .......... .......... .......... 60%  347M 1s
 34150K .......... .......... .......... .......... .......... 60%  343M 1s
 34200K .......... .......... .......... .......... .......... 60%  306M 1s
 34250K .......... .......... .......... .......... .......... 60%  369M 1s
 34300K .......... .......... .......... .......... .......... 60%  349M 1s
 34350K .......... .......... .......... .......... .......... 60%  338M 1s
 34400K .......... .......... .......... .......... .......... 60%  302M 1s
 34450K .......... .......... .......... .......... .......... 60%  372M 1s
 34500K .......... .......... .......... .......... .......... 60%  328M 1s
 34550K .......... .......... .......... .......... .......... 60%  355M 1s
 34600K .......... .......... .......... .......... .......... 61%  305M 1s
 34650K .......... .......... .......... .......... .......... 61%  366M 1s
 34700K .......... .......... .......... .......... .......... 61%  375M 1s
 34750K .......... .......... .......... .......... .......... 61%  340M 1s
 34800K .......... .......... .......... .......... .......... 61%  317M 1s
 34850K .......... .......... .......... .......... .......... 61%  345M 1s
 34900K .......... .......... .......... .......... .......... 61%  374M 1s
 34950K .......... .......... .......... .......... .......... 61%  366M 1s
 35000K .......... .......... .......... .......... .......... 61%  297M 1s
 35050K .......... .......... .......... .......... .......... 61%  333M 1s
 35100K .......... .......... .......... .......... .......... 61%  340M 1s
 35150K .......... .......... .......... .......... .......... 61%  354M 1s
 35200K .......... .......... .......... .......... .......... 62%  297M 1s
 35250K .......... .......... .......... .......... .......... 62%  358M 1s
 35300K .......... .......... .......... .......... .......... 62%  359M 1s
 35350K .......... .......... .......... .......... .......... 62%  359M 1s
 35400K .......... .......... .......... .......... .......... 62%  317M 1s
 35450K .......... .......... .......... .......... .......... 62%  365M 1s
 35500K .......... .......... .......... .......... .......... 62%  371M 1s
 35550K .......... .......... .......... .......... .......... 62%  352M 1s
 35600K .......... .......... .......... .......... .......... 62%  326M 1s
 35650K .......... .......... .......... .......... .......... 62%  365M 1s
 35700K .......... .......... .......... .......... .......... 62% 1.42M 1s
 35750K .......... .......... .......... .......... .......... 63%  291M 1s
 35800K .......... .......... .......... .......... .......... 63%  316M 1s
 35850K .......... .......... .......... .......... .......... 63%  342M 1s
 35900K .......... .......... .......... .......... .......... 63%  316M 1s
 35950K .......... .......... .......... .......... .......... 63%  344M 1s
 36000K .......... .......... .......... .......... .......... 63%  363M 1s
 36050K .......... .......... .......... .......... .......... 63%  366M 1s
 36100K .......... .......... .......... .......... .......... 63%  307M 1s
 36150K .......... .......... .......... .......... .......... 63%  343M 1s
 36200K .......... .......... .......... .......... .......... 63%  344M 1s
 36250K .......... .......... .......... .......... .......... 63%  359M 1s
 36300K .......... .......... .......... .......... .......... 64%  322M 1s
 36350K .......... .......... .......... .......... .......... 64%  357M 1s
 36400K .......... .......... .......... .......... .......... 64%  380M 1s
 36450K .......... .......... .......... .......... .......... 64%  371M 1s
 36500K .......... .......... .......... .......... .......... 64%  310M 1s
 36550K .......... .......... .......... .......... .......... 64%  372M 1s
 36600K .......... .......... .......... .......... .......... 64%  365M 1s
 36650K .......... .......... .......... .......... .......... 64%  717K 1s
 36700K .......... .......... .......... .......... .......... 64%  333M 1s
 36750K .......... .......... .......... .......... .......... 64%  348M 1s
 36800K .......... .......... .......... .......... .......... 64%  361M 1s
 36850K .......... .......... .......... .......... .......... 64%  312M 1s
 36900K .......... .......... .......... .......... .......... 65%  334M 1s
 36950K .......... .......... .......... .......... .......... 65%  366M 1s
 37000K .......... .......... .......... .......... .......... 65%  324M 1s
 37050K .......... .......... .......... .......... .......... 65%  308M 1s
 37100K .......... .......... .......... .......... .......... 65%  374M 1s
 37150K .......... .......... .......... .......... .......... 65%  364M 1s
 37200K .......... .......... .......... .......... .......... 65%  339M 1s
 37250K .......... .......... .......... .......... .......... 65%  314M 1s
 37300K .......... .......... .......... .......... .......... 65%  375M 1s
 37350K .......... .......... .......... .......... .......... 65%  320M 1s
 37400K .......... .......... .......... .......... .......... 65%  372M 1s
 37450K .......... .......... .......... .......... .......... 66%  308M 1s
 37500K .......... .......... .......... .......... .......... 66%  353M 1s
 37550K .......... .......... .......... .......... .......... 66%  369M 1s
 37600K .......... .......... .......... .......... .......... 66%  343M 1s
 37650K .......... .......... .......... .......... .......... 66%  312M 1s
 37700K .......... .......... .......... .......... .......... 66%  354M 1s
 37750K .......... .......... .......... .......... .......... 66%  364M 1s
 37800K .......... .......... .......... .......... .......... 66%  376M 1s
 37850K .......... .......... .......... .......... .......... 66%  291M 1s
 37900K .......... .......... .......... .......... .......... 66%  352M 1s
 37950K .......... .......... .......... .......... .......... 66%  349M 1s
 38000K .......... .......... .......... .......... .......... 66%  366M 1s
 38050K .......... .......... .......... .......... .......... 67%  307M 1s
 38100K .......... .......... .......... .......... .......... 67%  367M 1s
 38150K .......... .......... .......... .......... .......... 67%  346M 1s
 38200K .......... .......... .......... .......... .......... 67%  368M 1s
 38250K .......... .......... .......... .......... .......... 67%  313M 1s
 38300K .......... .......... .......... .......... .......... 67%  367M 1s
 38350K .......... .......... .......... .......... .......... 67%  366M 1s
 38400K .......... .......... .......... .......... .......... 67%  353M 1s
 38450K .......... .......... .......... .......... .......... 67%  328M 1s
 38500K .......... .......... .......... .......... .......... 67%  359M 1s
 38550K .......... .......... .......... .......... .......... 67% 1.41M 1s
 38600K .......... .......... .......... .......... .......... 68%  289M 1s
 38650K .......... .......... .......... .......... .......... 68%  326M 1s
 38700K .......... .......... .......... .......... .......... 68%  334M 1s
 38750K .......... .......... .......... .......... .......... 68%  356M 1s
 38800K .......... .......... .......... .......... .......... 68%  309M 1s
 38850K .......... .......... .......... .......... .......... 68%  353M 1s
 38900K .......... .......... .......... .......... .......... 68%  328M 1s
 38950K .......... .......... .......... .......... .......... 68%  353M 1s
 39000K .......... .......... .......... .......... .......... 68%  305M 1s
 39050K .......... .......... .......... .......... .......... 68%  368M 1s
 39100K .......... .......... .......... .......... .......... 68%  361M 1s
 39150K .......... .......... .......... .......... .......... 69%  361M 1s
 39200K .......... .......... .......... .......... .......... 69%  323M 1s
 39250K .......... .......... .......... .......... .......... 69%  350M 1s
 39300K .......... .......... .......... .......... .......... 69%  363M 1s
 39350K .......... .......... .......... .......... .......... 69%  377M 1s
 39400K .......... .......... .......... .......... .......... 69%  319M 1s
 39450K .......... .......... .......... .......... .......... 69%  718K 1s
 39500K .......... .......... .......... .......... .......... 69%  279M 1s
 39550K .......... .......... .......... .......... .......... 69%  338M 1s
 39600K .......... .......... .......... .......... .......... 69%  370M 1s
 39650K .......... .......... .......... .......... .......... 69%  360M 1s
 39700K .......... .......... .......... .......... .......... 69%  293M 1s
 39750K .......... .......... .......... .......... .......... 70%  329M 1s
 39800K .......... .......... .......... .......... .......... 70%  343M 1s
 39850K .......... .......... .......... .......... .......... 70%  371M 1s
 39900K .......... .......... .......... .......... .......... 70%  314M 1s
 39950K .......... .......... .......... .......... .......... 70%  370M 1s
 40000K .......... .......... .......... .......... .......... 70%  343M 1s
 40050K .......... .......... .......... .......... .......... 70%  373M 1s
 40100K .......... .......... .......... .......... .......... 70%  298M 1s
 40150K .......... .......... .......... .......... .......... 70%  343M 1s
 40200K .......... .......... .......... .......... .......... 70%  369M 1s
 40250K .......... .......... .......... .......... .......... 70%  374M 1s
 40300K .......... .......... .......... .......... .......... 71%  313M 1s
 40350K .......... .......... .......... .......... .......... 71%  359M 1s
 40400K .......... .......... .......... .......... .......... 71%  339M 1s
 40450K .......... .......... .......... .......... .......... 71%  325M 1s
 40500K .......... .......... .......... .......... .......... 71%  323M 1s
 40550K .......... .......... .......... .......... .......... 71%  374M 1s
 40600K .......... .......... .......... .......... .......... 71%  373M 1s
 40650K .......... .......... .......... .......... .......... 71%  344M 1s
 40700K .......... .......... .......... .......... .......... 71%  279M 1s
 40750K .......... .......... .......... .......... .......... 71%  354M 1s
 40800K .......... .......... .......... .......... .......... 71%  340M 1s
 40850K .......... .......... .......... .......... .......... 72%  366M 1s
 40900K .......... .......... .......... .......... .......... 72%  321M 1s
 40950K .......... .......... .......... .......... .......... 72%  339M 1s
 41000K .......... .......... .......... .......... .......... 72%  346M 1s
 41050K .......... .......... .......... .......... .......... 72%  352M 1s
 41100K .......... .......... .......... .......... .......... 72%  320M 1s
 41150K .......... .......... .......... .......... .......... 72%  360M 1s
 41200K .......... .......... .......... .......... .......... 72%  372M 1s
 41250K .......... .......... .......... .......... .......... 72%  375M 1s
 41300K .......... .......... .......... .......... .......... 72%  325M 1s
 41350K .......... .......... .......... .......... .......... 72% 1.41M 1s
 41400K .......... .......... .......... .......... .......... 72%  329M 1s
 41450K .......... .......... .......... .......... .......... 73%  362M 1s
 41500K .......... .......... .......... .......... .......... 73%  327M 1s
 41550K .......... .......... .......... .......... .......... 73%  321M 1s
 41600K .......... .......... .......... .......... .......... 73%  367M 1s
 41650K .......... .......... .......... .......... .......... 73%  366M 1s
 41700K .......... .......... .......... .......... .......... 73%  346M 1s
 41750K .......... .......... .......... .......... .......... 73%  320M 1s
 41800K .......... .......... .......... .......... .......... 73%  348M 1s
 41850K .......... .......... .......... .......... .......... 73%  346M 1s
 41900K .......... .......... .......... .......... .......... 73%  337M 1s
 41950K .......... .......... .......... .......... .......... 73%  298M 1s
 42000K .......... .......... .......... .......... .......... 74%  372M 1s
 42050K .......... .......... .......... .......... .......... 74%  360M 1s
 42100K .......... .......... .......... .......... .......... 74%  370M 1s
 42150K .......... .......... .......... .......... .......... 74%  323M 1s
 42200K .......... .......... .......... .......... .......... 74%  366M 1s
 42250K .......... .......... .......... .......... .......... 74%  717K 1s
 42300K .......... .......... .......... .......... .......... 74%  313M 1s
 42350K .......... .......... .......... .......... .......... 74%  283M 1s
 42400K .......... .......... .......... .......... .......... 74%  359M 1s
 42450K .......... .......... .......... .......... .......... 74%  369M 1s
 42500K .......... .......... .......... .......... .......... 74%  351M 1s
 42550K .......... .......... .......... .......... .......... 75%  288M 1s
 42600K .......... .......... .......... .......... .......... 75%  372M 1s
 42650K .......... .......... .......... .......... .......... 75%  332M 1s
 42700K .......... .......... .......... .......... .......... 75%  367M 1s
 42750K .......... .......... .......... .......... .......... 75%  314M 1s
 42800K .......... .......... .......... .......... .......... 75%  358M 1s
 42850K .......... .......... .......... .......... .......... 75%  367M 1s
 42900K .......... .......... .......... .......... .......... 75%  341M 1s
 42950K .......... .......... .......... .......... .......... 75%  310M 1s
 43000K .......... .......... .......... .......... .......... 75%  353M 1s
 43050K .......... .......... .......... .......... .......... 75%  362M 1s
 43100K .......... .......... .......... .......... .......... 75%  373M 1s
 43150K .......... .......... .......... .......... .......... 76%  301M 1s
 43200K .......... .......... .......... .......... .......... 76%  364M 1s
 43250K .......... .......... .......... .......... .......... 76%  355M 1s
 43300K .......... .......... .......... .......... .......... 76%  371M 1s
 43350K .......... .......... .......... .......... .......... 76%  319M 1s
 43400K .......... .......... .......... .......... .......... 76%  372M 1s
 43450K .......... .......... .......... .......... .......... 76%  364M 1s
 43500K .......... .......... .......... .......... .......... 76%  239M 1s
 43550K .......... .......... .......... .......... .......... 76%  329M 1s
 43600K .......... .......... .......... .......... .......... 76%  281M 1s
 43650K .......... .......... .......... .......... .......... 76%  355M 1s
 43700K .......... .......... .......... .......... .......... 77%  342M 1s
 43750K .......... .......... .......... .......... .......... 77%  350M 1s
 43800K .......... .......... .......... .......... .......... 77%  316M 1s
 43850K .......... .......... .......... .......... .......... 77%  363M 1s
 43900K .......... .......... .......... .......... .......... 77%  345M 1s
 43950K .......... .......... .......... .......... .......... 77%  366M 1s
 44000K .......... .......... .......... .......... .......... 77%  324M 1s
 44050K .......... .......... .......... .......... .......... 77%  375M 1s
 44100K .......... .......... .......... .......... .......... 77%  358M 1s
 44150K .......... .......... .......... .......... .......... 77% 1.41M 1s
 44200K .......... .......... .......... .......... .......... 77%  314M 1s
 44250K .......... .......... .......... .......... .......... 78%  332M 1s
 44300K .......... .......... .......... .......... .......... 78%  301M 1s
 44350K .......... .......... .......... .......... .......... 78%  342M 1s
 44400K .......... .......... .......... .......... .......... 78%  366M 1s
 44450K .......... .......... .......... .......... .......... 78%  345M 1s
 44500K .......... .......... .......... .......... .......... 78%  300M 1s
 44550K .......... .......... .......... .......... .......... 78%  369M 1s
 44600K .......... .......... .......... .......... .......... 78%  347M 1s
 44650K .......... .......... .......... .......... .......... 78%  360M 1s
 44700K .......... .......... .......... .......... .......... 78%  312M 1s
 44750K .......... .......... .......... .......... .......... 78%  357M 1s
 44800K .......... .......... .......... .......... .......... 78%  347M 1s
 44850K .......... .......... .......... .......... .......... 79%  373M 1s
 44900K .......... .......... .......... .......... .......... 79%  320M 1s
 44950K .......... .......... .......... .......... .......... 79%  374M 1s
 45000K .......... .......... .......... .......... .......... 79%  370M 1s
 45050K .......... .......... .......... .......... .......... 79%  359M 1s
 45100K .......... .......... .......... .......... .......... 79%  718K 1s
 45150K .......... .......... .......... .......... .......... 79%  325M 1s
 45200K .......... .......... .......... .......... .......... 79%  333M 1s
 45250K .......... .......... .......... .......... .......... 79%  359M 1s
 45300K .......... .......... .......... .......... .......... 79%  303M 1s
 45350K .......... .......... .......... .......... .......... 79%  326M 1s
 45400K .......... .......... .......... .......... .......... 80%  356M 1s
 45450K .......... .......... .......... .......... .......... 80%  343M 1s
 45500K .......... .......... .......... .......... .......... 80%  301M 1s
 45550K .......... .......... .......... .......... .......... 80%  366M 1s
 45600K .......... .......... .......... .......... .......... 80%  350M 1s
 45650K .......... .......... .......... .......... .......... 80%  358M 1s
 45700K .......... .......... .......... .......... .......... 80%  310M 1s
 45750K .......... .......... .......... .......... .......... 80%  369M 1s
 45800K .......... .......... .......... .......... .......... 80%  344M 1s
 45850K .......... .......... .......... .......... .......... 80%  366M 1s
 45900K .......... .......... .......... .......... .......... 80%  311M 1s
 45950K .......... .......... .......... .......... .......... 80%  362M 1s
 46000K .......... .......... .......... .......... .......... 81%  360M 1s
 46050K .......... .......... .......... .......... .......... 81%  339M 1s
 46100K .......... .......... .......... .......... .......... 81%  321M 1s
 46150K .......... .......... .......... .......... .......... 81%  355M 1s
 46200K .......... .......... .......... .......... .......... 81%  381M 1s
 46250K .......... .......... .......... .......... .......... 81%  362M 1s
 46300K .......... .......... .......... .......... .......... 81%  110M 1s
 46350K .......... .......... .......... .......... .......... 81%  325M 1s
 46400K .......... .......... .......... .......... .......... 81%  341M 1s
 46450K .......... .......... .......... .......... .......... 81%  334M 1s
 46500K .......... .......... .......... .......... .......... 81%  331M 1s
 46550K .......... .......... .......... .......... .......... 82%  310M 1s
 46600K .......... .......... .......... .......... .......... 82%  360M 1s
 46650K .......... .......... .......... .......... .......... 82%  356M 1s
 46700K .......... .......... .......... .......... .......... 82%  375M 1s
 46750K .......... .......... .......... .......... .......... 82%  319M 1s
 46800K .......... .......... .......... .......... .......... 82%  377M 1s
 46850K .......... .......... .......... .......... .......... 82%  371M 1s
 46900K .......... .......... .......... .......... .......... 82%  368M 1s
 46950K .......... .......... .......... .......... .......... 82% 1.41M 1s
 47000K .......... .......... .......... .......... .......... 82%  331M 1s
 47050K .......... .......... .......... .......... .......... 82%  290M 1s
 47100K .......... .......... .......... .......... .......... 83%  358M 1s
 47150K .......... .......... .......... .......... .......... 83%  360M 1s
 47200K .......... .......... .......... .......... .......... 83%  345M 1s
 47250K .......... .......... .......... .......... .......... 83%  305M 1s
 47300K .......... .......... .......... .......... .......... 83%  356M 1s
 47350K .......... .......... .......... .......... .......... 83%  359M 1s
 47400K .......... .......... .......... .......... .......... 83%  365M 1s
 47450K .......... .......... .......... .......... .......... 83%  306M 1s
 47500K .......... .......... .......... .......... .......... 83%  351M 1s
 47550K .......... .......... .......... .......... .......... 83%  354M 1s
 47600K .......... .......... .......... .......... .......... 83%  362M 1s
 47650K .......... .......... .......... .......... .......... 83%  330M 1s
 47700K .......... .......... .......... .......... .......... 84%  363M 0s
 47750K .......... .......... .......... .......... .......... 84%  361M 0s
 47800K .......... .......... .......... .......... .......... 84%  376M 0s
 47850K .......... .......... .......... .......... .......... 84%  323M 0s
 47900K .......... .......... .......... .......... .......... 84%  721K 0s
 47950K .......... .......... .......... .......... .......... 84%  288M 0s
 48000K .......... .......... .......... .......... .......... 84%  354M 0s
 48050K .......... .......... .......... .......... .......... 84%  319M 0s
 48100K .......... .......... .......... .......... .......... 84%  361M 0s
 48150K .......... .......... .......... .......... .......... 84%  344M 0s
 48200K .......... .......... .......... .......... .......... 84%  342M 0s
 48250K .......... .......... .......... .......... .......... 85%  296M 0s
 48300K .......... .......... .......... .......... .......... 85%  345M 0s
 48350K .......... .......... .......... .......... .......... 85%  355M 0s
 48400K .......... .......... .......... .......... .......... 85%  363M 0s
 48450K .......... .......... .......... .......... .......... 85%  318M 0s
 48500K .......... .......... .......... .......... .......... 85%  333M 0s
 48550K .......... .......... .......... .......... .......... 85%  368M 0s
 48600K .......... .......... .......... .......... .......... 85%  359M 0s
 48650K .......... .......... .......... .......... .......... 85%  316M 0s
 48700K .......... .......... .......... .......... .......... 85%  354M 0s
 48750K .......... .......... .......... .......... .......... 85%  360M 0s
 48800K .......... .......... .......... .......... .......... 86%  364M 0s
 48850K .......... .......... .......... .......... .......... 86%  291M 0s
 48900K .......... .......... .......... .......... .......... 86%  352M 0s
 48950K .......... .......... .......... .......... .......... 86%  369M 0s
 49000K .......... .......... .......... .......... .......... 86%  365M 0s
 49050K .......... .......... .......... .......... .......... 86%  324M 0s
 49100K .......... .......... .......... .......... .......... 86%  375M 0s
 49150K .......... .......... .......... .......... .......... 86%  371M 0s
 49200K .......... .......... .......... .......... .......... 86%  135M 0s
 49250K .......... .......... .......... .......... .......... 86%  340M 0s
 49300K .......... .......... .......... .......... .......... 86%  348M 0s
 49350K .......... .......... .......... .......... .......... 86%  300M 0s
 49400K .......... .......... .......... .......... .......... 87%  348M 0s
 49450K .......... .......... .......... .......... .......... 87%  355M 0s
 49500K .......... .......... .......... .......... .......... 87%  371M 0s
 49550K .......... .......... .......... .......... .......... 87%  316M 0s
 49600K .......... .......... .......... .......... .......... 87%  368M 0s
 49650K .......... .......... .......... .......... .......... 87%  380M 0s
 49700K .......... .......... .......... .......... .......... 87% 1.40M 0s
 49750K .......... .......... .......... .......... .......... 87%  294M 0s
 49800K .......... .......... .......... .......... .......... 87%  327M 0s
 49850K .......... .......... .......... .......... .......... 87%  344M 0s
 49900K .......... .......... .......... .......... .......... 87%  329M 0s
 49950K .......... .......... .......... .......... .......... 88%  324M 0s
 50000K .......... .......... .......... .......... .......... 88%  350M 0s
 50050K .......... .......... .......... .......... .......... 88%  370M 0s
 50100K .......... .......... .......... .......... .......... 88%  354M 0s
 50150K .......... .......... .......... .......... .......... 88%  304M 0s
 50200K .......... .......... .......... .......... .......... 88%  372M 0s
 50250K .......... .......... .......... .......... .......... 88%  336M 0s
 50300K .......... .......... .......... .......... .......... 88%  348M 0s
 50350K .......... .......... .......... .......... .......... 88%  330M 0s
 50400K .......... .......... .......... .......... .......... 88%  368M 0s
 50450K .......... .......... .......... .......... .......... 88%  362M 0s
 50500K .......... .......... .......... .......... .......... 89%  371M 0s
 50550K .......... .......... .......... .......... .......... 89%  325M 0s
 50600K .......... .......... .......... .......... .......... 89%  358M 0s
 50650K .......... .......... .......... .......... .......... 89%  371M 0s
 50700K .......... .......... .......... .......... .......... 89%  721K 0s
 50750K .......... .......... .......... .......... .......... 89%  321M 0s
 50800K .......... .......... .......... .......... .......... 89%  312M 0s
 50850K .......... .......... .......... .......... .......... 89%  370M 0s
 50900K .......... .......... .......... .......... .......... 89%  329M 0s
 50950K .......... .......... .......... .......... .......... 89%  358M 0s
 51000K .......... .......... .......... .......... .......... 89%  301M 0s
 51050K .......... .......... .......... .......... .......... 89%  352M 0s
 51100K .......... .......... .......... .......... .......... 90%  342M 0s
 51150K .......... .......... .......... .......... .......... 90%  365M 0s
 51200K .......... .......... .......... .......... .......... 90%  290M 0s
 51250K .......... .......... .......... .......... .......... 90%  355M 0s
 51300K .......... .......... .......... .......... .......... 90%  348M 0s
 51350K .......... .......... .......... .......... .......... 90%  373M 0s
 51400K .......... .......... .......... .......... .......... 90%  324M 0s
 51450K .......... .......... .......... .......... .......... 90%  357M 0s
 51500K .......... .......... .......... .......... .......... 90%  351M 0s
 51550K .......... .......... .......... .......... .......... 90%  319M 0s
 51600K .......... .......... .......... .......... .......... 90%  307M 0s
 51650K .......... .......... .......... .......... .......... 91%  364M 0s
 51700K .......... .......... .......... .......... .......... 91%  339M 0s
 51750K .......... .......... .......... .......... .......... 91%  370M 0s
 51800K .......... .......... .......... .......... .......... 91%  321M 0s
 51850K .......... .......... .......... .......... .......... 91%  365M 0s
 51900K .......... .......... .......... .......... .......... 91%  349M 0s
 51950K .......... .......... .......... .......... .......... 91%  360M 0s
 52000K .......... .......... .......... .......... .......... 91%  324M 0s
 52050K .......... .......... .......... .......... .......... 91%  336M 0s
 52100K .......... .......... .......... .......... .......... 91%  354M 0s
 52150K .......... .......... .......... .......... .......... 91%  374M 0s
 52200K .......... .......... .......... .......... .......... 92%  144M 0s
 52250K .......... .......... .......... .......... .......... 92%  318M 0s
 52300K .......... .......... .......... .......... .......... 92%  292M 0s
 52350K .......... .......... .......... .......... .......... 92%  367M 0s
 52400K .......... .......... .......... .......... .......... 92%  378M 0s
 52450K .......... .......... .......... .......... .......... 92%  363M 0s
 52500K .......... .......... .......... .......... .......... 92%  327M 0s
 52550K .......... .......... .......... .......... .......... 92% 1.41M 0s
 52600K .......... .......... .......... .......... .......... 92%  299M 0s
 52650K .......... .......... .......... .......... .......... 92%  342M 0s
 52700K .......... .......... .......... .......... .......... 92%  337M 0s
 52750K .......... .......... .......... .......... .......... 92%  337M 0s
 52800K .......... .......... .......... .......... .......... 93%  307M 0s
 52850K .......... .......... .......... .......... .......... 93%  343M 0s
 52900K .......... .......... .......... .......... .......... 93%  356M 0s
 52950K .......... .......... .......... .......... .......... 93%  353M 0s
 53000K .......... .......... .......... .......... .......... 93%  313M 0s
 53050K .......... .......... .......... .......... .......... 93%  352M 0s
 53100K .......... .......... .......... .......... .......... 93%  350M 0s
 53150K .......... .......... .......... .......... .......... 93%  339M 0s
 53200K .......... .......... .......... .......... .......... 93%  310M 0s
 53250K .......... .......... .......... .......... .......... 93%  365M 0s
 53300K .......... .......... .......... .......... .......... 93%  367M 0s
 53350K .......... .......... .......... .......... .......... 94%  376M 0s
 53400K .......... .......... .......... .......... .......... 94%  304M 0s
 53450K .......... .......... .......... .......... .......... 94%  370M 0s
 53500K .......... .......... .......... .......... .......... 94%  719K 0s
 53550K .......... .......... .......... .......... .......... 94%  324M 0s
 53600K .......... .......... .......... .......... .......... 94%  345M 0s
 53650K .......... .......... .......... .......... .......... 94%  294M 0s
 53700K .......... .......... .......... .......... .......... 94%  375M 0s
 53750K .......... .......... .......... .......... .......... 94%  352M 0s
 53800K .......... .......... .......... .......... .......... 94%  346M 0s
 53850K .......... .......... .......... .......... .......... 94%  308M 0s
 53900K .......... .......... .......... .......... .......... 94%  358M 0s
 53950K .......... .......... .......... .......... .......... 95%  365M 0s
 54000K .......... .......... .......... .......... .......... 95%  336M 0s
 54050K .......... .......... .......... .......... .......... 95%  292M 0s
 54100K .......... .......... .......... .......... .......... 95%  376M 0s
 54150K .......... .......... .......... .......... .......... 95%  365M 0s
 54200K .......... .......... .......... .......... .......... 95%  368M 0s
 54250K .......... .......... .......... .......... .......... 95%  329M 0s
 54300K .......... .......... .......... .......... .......... 95%  341M 0s
 54350K .......... .......... .......... .......... .......... 95%  327M 0s
 54400K .......... .......... .......... .......... .......... 95%  355M 0s
 54450K .......... .......... .......... .......... .......... 95%  326M 0s
 54500K .......... .......... .......... .......... .......... 96%  371M 0s
 54550K .......... .......... .......... .......... .......... 96%  377M 0s
 54600K .......... .......... .......... .......... .......... 96%  363M 0s
 54650K .......... .......... .......... .......... .......... 96%  326M 0s
 54700K .......... .......... .......... .......... .......... 96%  348M 0s
 54750K .......... .......... .......... .......... .......... 96%  119M 0s
 54800K .......... .......... .......... .......... .......... 96%  294M 0s
 54850K .......... .......... .......... .......... .......... 96%  350M 0s
 54900K .......... .......... .......... .......... .......... 96%  335M 0s
 54950K .......... .......... .......... .......... .......... 96%  348M 0s
 55000K .......... .......... .......... .......... .......... 96%  303M 0s
 55050K .......... .......... .......... .......... .......... 97%  343M 0s
 55100K .......... .......... .......... .......... .......... 97%  355M 0s
 55150K .......... .......... .......... .......... .......... 97%  371M 0s
 55200K .......... .......... .......... .......... .......... 97%  323M 0s
 55250K .......... .......... .......... .......... .......... 97%  361M 0s
 55300K .......... .......... .......... .......... .......... 97%  346M 0s
 55350K .......... .......... .......... .......... .......... 97%  376M 0s
 55400K .......... .......... .......... .......... .......... 97%  320M 0s
 55450K .......... .......... .......... .......... .......... 97% 1.42M 0s
 55500K .......... .......... .......... .......... .......... 97%  331M 0s
 55550K .......... .......... .......... .......... .......... 97%  346M 0s
 55600K .......... .......... .......... .......... .......... 97%  297M 0s
 55650K .......... .......... .......... .......... .......... 98%  357M 0s
 55700K .......... .......... .......... .......... .......... 98%  353M 0s
 55750K .......... .......... .......... .......... .......... 98%  366M 0s
 55800K .......... .......... .......... .......... .......... 98%  303M 0s
 55850K .......... .......... .......... .......... .......... 98%  344M 0s
 55900K .......... .......... .......... .......... .......... 98%  365M 0s
 55950K .......... .......... .......... .......... .......... 98%  352M 0s
 56000K .......... .......... .......... .......... .......... 98%  301M 0s
 56050K .......... .......... .......... .......... .......... 98%  364M 0s
 56100K .......... .......... .......... .......... .......... 98%  369M 0s
 56150K .......... .......... .......... .......... .......... 98%  372M 0s
 56200K .......... .......... .......... .......... .......... 99%  319M 0s
 56250K .......... .......... .......... .......... .......... 99%  714K 0s
 56300K .......... .......... .......... .......... .......... 99%  301M 0s
 56350K .......... .......... .......... .......... .......... 99%  323M 0s
 56400K .......... .......... .......... .......... .......... 99%  350M 0s
 56450K .......... .......... .......... .......... .......... 99%  316M 0s
 56500K .......... .......... .......... .......... .......... 99%  363M 0s
 56550K .......... .......... .......... .......... .......... 99%  370M 0s
 56600K .......... .......... .......... .......... .......... 99%  370M 0s
 56650K .......... .......... .......... .......... .......... 99%  309M 0s
 56700K .......... .......... .......... .......... .......... 99%  366M 0s
 56750K .......... .......... .......... .......... ..        100%  365M=3.0s

2025-11-23 13:14:42 (18.2 MB/s) - ‘rgg_n_2_21_s0.tar.gz’ saved [58155699/58155699]

